<?xml version="1.0" encoding="UTF-8"?>
<robot generator="Robot 6.1 (Python 3.11.4 on win32)" generated="20230815 17:30:46.222" rpa="false" schemaversion="4">
<suite id="s1" name="Panelscout Robotframework" source="C:\Users\Mary\OneDrive\Dokumenty\dareit\panelscout_robotframework">
<suite id="s1-s1" name="Tests" source="C:\Users\Mary\OneDrive\Dokumenty\dareit\panelscout_robotframework\tests">
<suite id="s1-s1-s1" name="Test Login Rf" source="C:\Users\Mary\OneDrive\Dokumenty\dareit\panelscout_robotframework\tests\test_login_rf.robot">
<test id="s1-s1-s1-t1" name="Login to the system" line="30">
<kw name="Open login page">
<kw name="Open Browser" library="SeleniumLibrary">
<arg>${LOGIN URL}</arg>
<arg>${BROWSER}</arg>
<doc>Opens a new browser instance to the optional ``url``.</doc>
<msg timestamp="20230815 17:30:46.605" level="INFO">Opening browser 'Chrome' to base url 'https://dareit.futbolkolektyw.pl/en/'.</msg>
<msg timestamp="20230815 17:30:46.605" level="INFO">Cannot capture screenshot because no browser is open.</msg>
<msg timestamp="20230815 17:30:46.605" level="FAIL">TypeError: WebDriver.__init__() got an unexpected keyword argument 'service_log_path'</msg>
<status status="FAIL" starttime="20230815 17:30:46.604" endtime="20230815 17:30:46.933"/>
</kw>
<kw name="Title Should Be" library="SeleniumLibrary">
<arg>Scouts panel - sign in</arg>
<doc>Verifies that the current page title equals ``title``.</doc>
<status status="NOT RUN" starttime="20230815 17:30:46.934" endtime="20230815 17:30:46.934"/>
</kw>
<status status="FAIL" starttime="20230815 17:30:46.603" endtime="20230815 17:30:46.934"/>
</kw>
<kw name="Type in email">
<status status="NOT RUN" starttime="20230815 17:30:46.936" endtime="20230815 17:30:46.936"/>
</kw>
<kw name="Type in password">
<status status="NOT RUN" starttime="20230815 17:30:46.936" endtime="20230815 17:30:46.936"/>
</kw>
<kw name="Click on the Submit button">
<status status="NOT RUN" starttime="20230815 17:30:46.937" endtime="20230815 17:30:46.937"/>
</kw>
<kw name="Close Browser" library="SeleniumLibrary" type="TEARDOWN">
<doc>Closes the current browser.</doc>
<status status="PASS" starttime="20230815 17:30:46.938" endtime="20230815 17:30:46.938"/>
</kw>
<status status="FAIL" starttime="20230815 17:30:46.601" endtime="20230815 17:30:46.940">TypeError: WebDriver.__init__() got an unexpected keyword argument 'service_log_path'</status>
</test>
<doc>Suite description #automated tests for scout website</doc>
<status status="FAIL" starttime="20230815 17:30:46.272" endtime="20230815 17:30:46.941"/>
</suite>
<status status="FAIL" starttime="20230815 17:30:46.270" endtime="20230815 17:30:46.945"/>
</suite>
<status status="FAIL" starttime="20230815 17:30:46.231" endtime="20230815 17:30:46.947"/>
</suite>
<statistics>
<total>
<stat pass="0" fail="1" skip="0">All Tests</stat>
</total>
<tag>
</tag>
<suite>
<stat pass="0" fail="1" skip="0" id="s1" name="Panelscout Robotframework">Panelscout Robotframework</stat>
<stat pass="0" fail="1" skip="0" id="s1-s1" name="Tests">Panelscout Robotframework.Tests</stat>
<stat pass="0" fail="1" skip="0" id="s1-s1-s1" name="Test Login Rf">Panelscout Robotframework.Tests.Test Login Rf</stat>
</suite>
</statistics>
<errors>
</errors>
</robot>
